<?xml version="1.0" encoding="UTF-8"?>
<testsuite xmlns:xsi="http://www.w3.org/2001/XMLSchema-instance" xsi:noNamespaceSchemaLocation="https://maven.apache.org/surefire/maven-surefire-plugin/xsd/surefire-test-report.xsd" name="StringOperationsTest" time="0.089" tests="24" errors="0" skipped="0" failures="0">
  <properties>
    <property name="sun.desktop" value="windows"/>
    <property name="awt.toolkit" value="sun.awt.windows.WToolkit"/>
    <property name="java.specification.version" value="11"/>
    <property name="sun.cpu.isalist" value="amd64"/>
    <property name="sun.jnu.encoding" value="Cp1250"/>
    <property name="java.class.path" value="D:\TestowanieJava\StringOperations\target\test-classes;D:\TestowanieJava\StringOperations\target\classes;C:\Users\marci\.m2\repository\org\junit\jupiter\junit-jupiter-engine\5.5.2\junit-jupiter-engine-5.5.2.jar;C:\Users\marci\.m2\repository\org\apiguardian\apiguardian-api\1.1.0\apiguardian-api-1.1.0.jar;C:\Users\marci\.m2\repository\org\junit\platform\junit-platform-engine\1.5.2\junit-platform-engine-1.5.2.jar;C:\Users\marci\.m2\repository\org\opentest4j\opentest4j\1.2.0\opentest4j-1.2.0.jar;C:\Users\marci\.m2\repository\org\junit\platform\junit-platform-commons\1.5.2\junit-platform-commons-1.5.2.jar;C:\Users\marci\.m2\repository\org\junit\jupiter\junit-jupiter-api\5.5.2\junit-jupiter-api-5.5.2.jar;C:\Users\marci\.m2\repository\org\junit\vintage\junit-vintage-engine\5.4.0\junit-vintage-engine-5.4.0.jar;C:\Users\marci\.m2\repository\junit\junit\4.12\junit-4.12.jar;C:\Users\marci\.m2\repository\org\hamcrest\hamcrest-core\1.3\hamcrest-core-1.3.jar;"/>
    <property name="java.vm.vendor" value="Oracle Corporation"/>
    <property name="sun.arch.data.model" value="64"/>
    <property name="user.variant" value=""/>
    <property name="java.vendor.url" value="http://java.oracle.com/"/>
    <property name="user.timezone" value="Europe/Belgrade"/>
    <property name="java.vm.specification.version" value="11"/>
    <property name="os.name" value="Windows 10"/>
    <property name="sun.java.launcher" value="SUN_STANDARD"/>
    <property name="user.country" value="PL"/>
    <property name="sun.boot.library.path" value="C:\Program Files\Java\jdk-11.0.2\bin"/>
    <property name="sun.java.command" value="C:\Users\marci\AppData\Local\Temp\surefire6162453565277817429\surefirebooter1229153644614934200.jar C:\Users\marci\AppData\Local\Temp\surefire6162453565277817429 2020-03-16T21-01-08_301-jvmRun1 surefire1992394359771093301tmp surefire_02021978156856715429tmp"/>
    <property name="jdk.debug" value="release"/>
    <property name="surefire.test.class.path" value="D:\TestowanieJava\StringOperations\target\test-classes;D:\TestowanieJava\StringOperations\target\classes;C:\Users\marci\.m2\repository\org\junit\jupiter\junit-jupiter-engine\5.5.2\junit-jupiter-engine-5.5.2.jar;C:\Users\marci\.m2\repository\org\apiguardian\apiguardian-api\1.1.0\apiguardian-api-1.1.0.jar;C:\Users\marci\.m2\repository\org\junit\platform\junit-platform-engine\1.5.2\junit-platform-engine-1.5.2.jar;C:\Users\marci\.m2\repository\org\opentest4j\opentest4j\1.2.0\opentest4j-1.2.0.jar;C:\Users\marci\.m2\repository\org\junit\platform\junit-platform-commons\1.5.2\junit-platform-commons-1.5.2.jar;C:\Users\marci\.m2\repository\org\junit\jupiter\junit-jupiter-api\5.5.2\junit-jupiter-api-5.5.2.jar;C:\Users\marci\.m2\repository\org\junit\vintage\junit-vintage-engine\5.4.0\junit-vintage-engine-5.4.0.jar;C:\Users\marci\.m2\repository\junit\junit\4.12\junit-4.12.jar;C:\Users\marci\.m2\repository\org\hamcrest\hamcrest-core\1.3\hamcrest-core-1.3.jar;"/>
    <property name="sun.cpu.endian" value="little"/>
    <property name="user.home" value="C:\Users\marci"/>
    <property name="user.language" value="pl"/>
    <property name="java.specification.vendor" value="Oracle Corporation"/>
    <property name="java.version.date" value="2019-01-15"/>
    <property name="java.home" value="C:\Program Files\Java\jdk-11.0.2"/>
    <property name="file.separator" value="\"/>
    <property name="basedir" value="D:\TestowanieJava\StringOperations"/>
    <property name="java.vm.compressedOopsMode" value="32-bit"/>
    <property name="line.separator" value="&#10;"/>
    <property name="java.specification.name" value="Java Platform API Specification"/>
    <property name="java.vm.specification.vendor" value="Oracle Corporation"/>
    <property name="java.awt.graphicsenv" value="sun.awt.Win32GraphicsEnvironment"/>
    <property name="surefire.real.class.path" value="C:\Users\marci\AppData\Local\Temp\surefire6162453565277817429\surefirebooter1229153644614934200.jar"/>
    <property name="user.script" value=""/>
    <property name="sun.management.compiler" value="HotSpot 64-Bit Tiered Compilers"/>
    <property name="java.runtime.version" value="11.0.2+9-LTS"/>
    <property name="user.name" value="marci"/>
    <property name="path.separator" value=";"/>
    <property name="os.version" value="10.0"/>
    <property name="java.runtime.name" value="Java(TM) SE Runtime Environment"/>
    <property name="file.encoding" value="Cp1250"/>
    <property name="java.vm.name" value="Java HotSpot(TM) 64-Bit Server VM"/>
    <property name="java.vendor.version" value="18.9"/>
    <property name="localRepository" value="C:\Users\marci\.m2\repository"/>
    <property name="java.vendor.url.bug" value="http://bugreport.java.com/bugreport/"/>
    <property name="java.io.tmpdir" value="C:\Users\marci\AppData\Local\Temp\"/>
    <property name="java.version" value="11.0.2"/>
    <property name="user.dir" value="D:\TestowanieJava\StringOperations"/>
    <property name="os.arch" value="amd64"/>
    <property name="java.vm.specification.name" value="Java Virtual Machine Specification"/>
    <property name="java.awt.printerjob" value="sun.awt.windows.WPrinterJob"/>
    <property name="sun.os.patch.level" value=""/>
    <property name="java.library.path" value="C:\Program Files\Java\jdk-11.0.2\bin;C:\WINDOWS\Sun\Java\bin;C:\WINDOWS\system32;C:\WINDOWS;C:\Program Files (x86)\Common Files\Oracle\Java\javapath;C:\Program Files (x86)\Intel\iCLS Client\;C:\Program Files\Intel\iCLS Client\;C:\Windows\system32;C:\Windows;C:\Windows\System32\Wbem;C:\Windows\System32\WindowsPowerShell\v1.0\;C:\Program Files (x86)\Intel\Intel(R) Management Engine Components\DAL;C:\Program Files\Intel\Intel(R) Management Engine Components\DAL;C:\Program Files (x86)\Intel\Intel(R) Management Engine Components\IPT;C:\Program Files\Intel\Intel(R) Management Engine Components\IPT;C:\Program Files (x86)\NVIDIA Corporation\PhysX\Common;C:\Program Files\Java\jdk1.8.0_191\bin;C:\Program Files\Git\cmd;C:\WINDOWS\system32;C:\WINDOWS;C:\WINDOWS\System32\Wbem;C:\WINDOWS\System32\WindowsPowerShell\v1.0\;C:\WINDOWS\System32\OpenSSH\;C:\Software\apache-maven-3.5.4\bin;C:\Program Files\nodejs\;C:\Program Files\Intel\WiFi\bin\;C:\Program Files\Common Files\Intel\WirelessCommon\;C:\WINDOWS\system32;C:\WINDOWS;C:\WINDOWS\System32\Wbem;C:\WINDOWS\System32\WindowsPowerShell\v1.0\;C:\WINDOWS\System32\OpenSSH\;C:\Program Files\dotnet\;C:\Program Files\Microsoft SQL Server\130\Tools\Binn\;C:\Program Files\Microsoft SQL Server\Client SDK\ODBC\170\Tools\Binn\;C:\Ruby26-x64\bin;C:\Users\marci\AppData\Local\Programs\Python\Python37-32\Scripts\;C:\Users\marci\AppData\Local\Programs\Python\Python37-32\;C:\Users\marci\AppData\Local\Microsoft\WindowsApps;C:\Users\marci\AppData\Local\Programs\Microsoft VS Code\bin;C:\Users\marci\AppData\Roaming\npm;D:\Exercism;C:\Users\marci\.dotnet\tools;;."/>
    <property name="java.vendor" value="Oracle Corporation"/>
    <property name="java.vm.info" value="mixed mode"/>
    <property name="java.vm.version" value="11.0.2+9-LTS"/>
    <property name="sun.io.unicode.encoding" value="UnicodeLittle"/>
    <property name="java.class.version" value="55.0"/>
  </properties>
  <testcase name="testConcatWithLettersAndNumbers" classname="StringOperationsTest" time="0.039"/>
  <testcase name="testReverseWithEmptyString" classname="StringOperationsTest" time="0.002"/>
  <testcase name="testConcatWithOnlySmallLetters" classname="StringOperationsTest" time="0.002"/>
  <testcase name="testPalindromeWithNotValidString" classname="StringOperationsTest" time="0.003"/>
  <testcase name="testPalindromeWithEmptyString" classname="StringOperationsTest" time="0"/>
  <testcase name="testPalindromeWithNull" classname="StringOperationsTest" time="0"/>
  <testcase name="testConcatWithFirstValueNull" classname="StringOperationsTest" time="0.001"/>
  <testcase name="testConcatWithOnlySpecialCharacters" classname="StringOperationsTest" time="0.001"/>
  <testcase name="testConcatWithLettersAndSpecialCharacters" classname="StringOperationsTest" time="0"/>
  <testcase name="testPalindromeWithSmallAndCapitalLettersAndNumbers" classname="StringOperationsTest" time="0.001"/>
  <testcase name="testReverseWithSmallLetters" classname="StringOperationsTest" time="0.001"/>
  <testcase name="testReverseWithSmallLettersAndNumbersAndSpaces" classname="StringOperationsTest" time="0"/>
  <testcase name="testConcatWithSecondValueNull" classname="StringOperationsTest" time="0.001"/>
  <testcase name="testReverseWithSmallLettersAndNumbers" classname="StringOperationsTest" time="0.001"/>
  <testcase name="testConcatWithSmallAndCapitalLetters" classname="StringOperationsTest" time="0.001"/>
  <testcase name="testConcatWithFirstValueNullAndSecondValueNull" classname="StringOperationsTest" time="0.003"/>
  <testcase name="testConcatWithOnlyCapitalLetters" classname="StringOperationsTest" time="0"/>
  <testcase name="testPalindromeWithSmallAndCapitalLetters" classname="StringOperationsTest" time="0.001"/>
  <testcase name="testReverseWithSmallAndBigLetters" classname="StringOperationsTest" time="0.001"/>
  <testcase name="testConcatWithOnlyNumbers" classname="StringOperationsTest" time="0"/>
  <testcase name="testPalindromeWithOnlyCapitalLetters" classname="StringOperationsTest" time="0"/>
  <testcase name="testReverseWithNull" classname="StringOperationsTest" time="0.001"/>
  <testcase name="testPalindromeWithOnlySmallLetters" classname="StringOperationsTest" time="0.001"/>
  <testcase name="testReverseWithSmallLettersAndNumbersAndSpacesAndSpecialCharacters" classname="StringOperationsTest" time="0.001"/>
</testsuite>